<?xml version="1.0" encoding="UTF-8"?>
<robot generator="Robot 6.0.2 (Python 3.10.8 on win32)" generated="20230413 18:03:36.778" rpa="false" schemaversion="3">
<suite id="s1" name="Compra" source="C:\Users\Windows 10\PycharmProjects\fts134_robot_framework\compra.robot">
<test id="s1-t1" name="Compra de Passagem" line="16">
<kw name="Dado que acesso o site Blazedemo">
<kw name="Open Browser" library="SeleniumLibrary">
<arg>${url}</arg>
<arg>${browser}</arg>
<doc>Opens a new browser instance to the optional ``url``.</doc>
<msg timestamp="20230413 18:03:37.238" level="INFO">Opening browser 'Chrome' to base url 'https://www.blazedemo.com'.</msg>
<status status="PASS" starttime="20230413 18:03:37.233" endtime="20230413 18:03:43.409"/>
</kw>
<kw name="Wait Until Element Is Visible" library="SeleniumLibrary">
<arg>xpath = //h1</arg>
<arg>30000ms</arg>
<doc>Waits until the element ``locator`` is visible.</doc>
<status status="PASS" starttime="20230413 18:03:43.409" endtime="20230413 18:03:43.483"/>
</kw>
<kw name="Wait Until Element Contains" library="SeleniumLibrary">
<arg>xpath = //h1</arg>
<arg>Welcome to the Simple Travel Agency!</arg>
<arg>30000ms</arg>
<doc>Waits until the element ``locator`` contains ``text``.</doc>
<status status="PASS" starttime="20230413 18:03:43.483" endtime="20230413 18:03:43.529"/>
</kw>
<kw name="Wait For Condition" library="SeleniumLibrary">
<arg>return document.title == "BlazeDemo"</arg>
<arg>30000ms</arg>
<doc>Waits until ``condition`` is true or ``timeout`` expires.</doc>
<status status="PASS" starttime="20230413 18:03:43.529" endtime="20230413 18:03:43.540"/>
</kw>
<status status="PASS" starttime="20230413 18:03:37.232" endtime="20230413 18:03:43.540"/>
</kw>
<kw name="Quando seleciono a origem como &quot;São Paolo&quot; e destino como &quot;New York&quot;" sourcename="Quando seleciono a origem como &quot;${origem}&quot; e destino como &quot;${destino}&quot;">
<kw name="Set Test Variable" library="BuiltIn">
<arg>${origem}</arg>
<doc>Makes a variable available everywhere within the scope of the current test.</doc>
<msg timestamp="20230413 18:03:43.542" level="INFO">${origem} = São Paolo</msg>
<status status="PASS" starttime="20230413 18:03:43.541" endtime="20230413 18:03:43.542"/>
</kw>
<kw name="Set Test Variable" library="BuiltIn">
<arg>${destino}</arg>
<doc>Makes a variable available everywhere within the scope of the current test.</doc>
<msg timestamp="20230413 18:03:43.543" level="INFO">${destino} = New York</msg>
<status status="PASS" starttime="20230413 18:03:43.542" endtime="20230413 18:03:43.543"/>
</kw>
<kw name="Select From List By Label" library="SeleniumLibrary">
<arg>name = fromPort</arg>
<arg>${origem}</arg>
<doc>Selects options from selection list ``locator`` by ``labels``.</doc>
<msg timestamp="20230413 18:03:43.544" level="INFO">Selecting options from selection list 'name = fromPort' by label São Paolo.</msg>
<status status="PASS" starttime="20230413 18:03:43.543" endtime="20230413 18:03:43.664"/>
</kw>
<kw name="Select From List By Label" library="SeleniumLibrary">
<arg>name = toPort</arg>
<arg>${destino}</arg>
<doc>Selects options from selection list ``locator`` by ``labels``.</doc>
<msg timestamp="20230413 18:03:43.665" level="INFO">Selecting options from selection list 'name = toPort' by label New York.</msg>
<status status="PASS" starttime="20230413 18:03:43.664" endtime="20230413 18:03:43.773"/>
</kw>
<status status="PASS" starttime="20230413 18:03:43.541" endtime="20230413 18:03:43.773"/>
</kw>
<kw name="E clico no botao Find Flights">
<kw name="Click Button" library="SeleniumLibrary">
<arg>class = btn.btn-primary</arg>
<doc>Clicks the button identified by ``locator``.</doc>
<msg timestamp="20230413 18:03:43.776" level="INFO">Clicking button 'class = btn.btn-primary'.</msg>
<status status="PASS" starttime="20230413 18:03:43.776" endtime="20230413 18:03:44.627"/>
</kw>
<status status="PASS" starttime="20230413 18:03:43.774" endtime="20230413 18:03:44.627"/>
</kw>
<kw name="Entao exibe o titulo informando a origem e o destino">
<kw name="Element Should Contain" library="SeleniumLibrary">
<arg>xpath = //h3</arg>
<arg>Flights from ${origem} to ${destino}:</arg>
<doc>Verifies that element ``locator`` contains text ``expected``.</doc>
<msg timestamp="20230413 18:03:44.795" level="INFO">Element 'xpath = //h3' contains text 'Flights from São Paolo to New York:'.</msg>
<status status="PASS" starttime="20230413 18:03:44.641" endtime="20230413 18:03:44.795"/>
</kw>
<status status="PASS" starttime="20230413 18:03:44.640" endtime="20230413 18:03:44.796"/>
</kw>
<kw name="Quando seleciono o primeiro voo">
<kw name="Click Button" library="SeleniumLibrary">
<arg>class = btn.btn-small</arg>
<doc>Clicks the button identified by ``locator``.</doc>
<msg timestamp="20230413 18:03:44.797" level="INFO">Clicking button 'class = btn.btn-small'.</msg>
<status status="PASS" starttime="20230413 18:03:44.797" endtime="20230413 18:03:45.619"/>
</kw>
<status status="PASS" starttime="20230413 18:03:44.796" endtime="20230413 18:03:45.620"/>
</kw>
<kw name="E preencho o nome &quot;Juca&quot;" sourcename="E preencho o nome &quot;${nome}&quot;">
<kw name="Input Text" library="SeleniumLibrary">
<arg>id = inputName</arg>
<arg>${nome}</arg>
<doc>Types the given ``text`` into the text field identified by ``locator``.</doc>
<msg timestamp="20230413 18:03:45.635" level="INFO">Typing text 'Juca' into text field 'id = inputName'.</msg>
<status status="PASS" starttime="20230413 18:03:45.632" endtime="20230413 18:03:45.870"/>
</kw>
<status status="PASS" starttime="20230413 18:03:45.631" endtime="20230413 18:03:45.871"/>
</kw>
<kw name="E seleciono a bandeira &quot;American Express&quot;" sourcename="E seleciono a bandeira &quot;${bandeira}&quot;">
<kw name="Select From List By Label" library="SeleniumLibrary">
<arg>id = cardType</arg>
<arg>${bandeira}</arg>
<doc>Selects options from selection list ``locator`` by ``labels``.</doc>
<msg timestamp="20230413 18:03:45.874" level="INFO">Selecting options from selection list 'id = cardType' by label American Express.</msg>
<status status="PASS" starttime="20230413 18:03:45.872" endtime="20230413 18:03:46.126"/>
</kw>
<status status="PASS" starttime="20230413 18:03:45.871" endtime="20230413 18:03:46.127"/>
</kw>
<kw name="E marco a opcao Remember Me">
<kw name="Click Element" library="SeleniumLibrary">
<arg>id = rememberMe</arg>
<doc>Click the element identified by ``locator``.</doc>
<msg timestamp="20230413 18:03:46.134" level="INFO">Clicking element 'id = rememberMe'.</msg>
<status status="PASS" starttime="20230413 18:03:46.133" endtime="20230413 18:03:46.397"/>
</kw>
<status status="PASS" starttime="20230413 18:03:46.132" endtime="20230413 18:03:46.397"/>
</kw>
<kw name="E clico no botao Purchase Flight">
<kw name="Click Button" library="SeleniumLibrary">
<arg>class = btn.btn-primary</arg>
<doc>Clicks the button identified by ``locator``.</doc>
<msg timestamp="20230413 18:03:46.402" level="INFO">Clicking button 'class = btn.btn-primary'.</msg>
<status status="PASS" starttime="20230413 18:03:46.401" endtime="20230413 18:03:47.197"/>
</kw>
<status status="PASS" starttime="20230413 18:03:46.400" endtime="20230413 18:03:47.198"/>
</kw>
<kw name="Entao exibe a mensagem &quot;Thank you for your purchase today!&quot;" sourcename="Entao exibe a mensagem &quot;${mensagem}&quot;">
<kw name="Wait Until Element Is Visible" library="SeleniumLibrary">
<arg>xpath = //h1</arg>
<doc>Waits until the element ``locator`` is visible.</doc>
<status status="PASS" starttime="20230413 18:03:47.202" endtime="20230413 18:03:47.302"/>
</kw>
<kw name="Element Should Contain" library="SeleniumLibrary">
<arg>xpath = //h1</arg>
<arg>${mensagem}</arg>
<doc>Verifies that element ``locator`` contains text ``expected``.</doc>
<msg timestamp="20230413 18:03:47.330" level="INFO">Element 'xpath = //h1' contains text 'Thank you for your purchase today!'.</msg>
<status status="PASS" starttime="20230413 18:03:47.303" endtime="20230413 18:03:47.330"/>
</kw>
<status status="PASS" starttime="20230413 18:03:47.201" endtime="20230413 18:03:47.331"/>
</kw>
<kw name="E exibe o preco da passagem como &quot;555 USD&quot;" sourcename="E exibe o preco da passagem como &quot;${preco}&quot;">
<kw name="Element Should Contain" library="SeleniumLibrary">
<arg>css = tr:nth-child(3) &gt; td:nth-child(2)</arg>
<arg>${preco}</arg>
<doc>Verifies that element ``locator`` contains text ``expected``.</doc>
<msg timestamp="20230413 18:03:47.361" level="INFO">Element 'css = tr:nth-child(3) &gt; td:nth-child(2)' contains text '555 USD'.</msg>
<status status="PASS" starttime="20230413 18:03:47.332" endtime="20230413 18:03:47.361"/>
</kw>
<status status="PASS" starttime="20230413 18:03:47.331" endtime="20230413 18:03:47.361"/>
</kw>
<kw name="Encerrar" type="TEARDOWN">
<kw name="Close Browser" library="SeleniumLibrary">
<doc>Closes the current browser.</doc>
<status status="PASS" starttime="20230413 18:03:47.362" endtime="20230413 18:03:49.680"/>
</kw>
<status status="PASS" starttime="20230413 18:03:47.361" endtime="20230413 18:03:49.680"/>
</kw>
<tag>SMOKE</tag>
<status status="PASS" starttime="20230413 18:03:37.231" endtime="20230413 18:03:49.681"/>
</test>
<doc>Fluxo de compra no site Blazedemo</doc>
<status status="PASS" starttime="20230413 18:03:36.783" endtime="20230413 18:03:49.683"/>
</suite>
<statistics>
<total>
<stat pass="1" fail="0" skip="0">All Tests</stat>
</total>
<tag>
<stat pass="1" fail="0" skip="0">SMOKE</stat>
</tag>
<suite>
<stat pass="1" fail="0" skip="0" id="s1" name="Compra">Compra</stat>
</suite>
</statistics>
<errors>
</errors>
</robot>
