<?xml version="1.0" encoding="UTF-8"?>
<robot generator="Robot 6.0.2 (Python 3.10.8 on win32)" generated="20230411 17:00:32.339" rpa="false" schemaversion="3">
<suite id="s1" name="Compra" source="C:\Users\Windows 10\PycharmProjects\fts134_robot_framework\compra.robot">
<test id="s1-t1" name="Compra de Passagem" line="16">
<kw name="Dado que acesso o site Blazedemo">
<kw name="Open Browser" library="SeleniumLibrary">
<arg>${url}</arg>
<arg>${browser}</arg>
<doc>Opens a new browser instance to the optional ``url``.</doc>
<msg timestamp="20230411 17:00:32.788" level="INFO">Opening browser 'Chrome' to base url 'https://www.blazedemo.com'.</msg>
<status status="PASS" starttime="20230411 17:00:32.786" endtime="20230411 17:00:38.009"/>
</kw>
<kw name="Wait Until Element Is Visible" library="SeleniumLibrary">
<arg>xpath = //h1</arg>
<arg>30000ms</arg>
<doc>Waits until the element ``locator`` is visible.</doc>
<status status="PASS" starttime="20230411 17:00:38.009" endtime="20230411 17:00:38.062"/>
</kw>
<kw name="Wait Until Element Contains" library="SeleniumLibrary">
<arg>xpath = //h1</arg>
<arg>Welcome to the Simple Travel Agency!</arg>
<arg>30000ms</arg>
<doc>Waits until the element ``locator`` contains ``text``.</doc>
<status status="PASS" starttime="20230411 17:00:38.062" endtime="20230411 17:00:38.099"/>
</kw>
<kw name="Wait For Condition" library="SeleniumLibrary">
<arg>return document.title == "BlazeDemo"</arg>
<arg>30000ms</arg>
<doc>Waits until ``condition`` is true or ``timeout`` expires.</doc>
<status status="PASS" starttime="20230411 17:00:38.099" endtime="20230411 17:00:38.109"/>
</kw>
<status status="PASS" starttime="20230411 17:00:32.786" endtime="20230411 17:00:38.109"/>
</kw>
<kw name="Quando seleciono a origem como &quot;São Paolo&quot; e destino como &quot;New York&quot;" sourcename="Quando seleciono a origem como &quot;${origem}&quot; e destino como &quot;${destino}&quot;">
<kw name="Set Test Variable" library="BuiltIn">
<arg>${origem}</arg>
<doc>Makes a variable available everywhere within the scope of the current test.</doc>
<msg timestamp="20230411 17:00:38.111" level="INFO">${origem} = São Paolo</msg>
<status status="PASS" starttime="20230411 17:00:38.111" endtime="20230411 17:00:38.111"/>
</kw>
<kw name="Set Test Variable" library="BuiltIn">
<arg>${destino}</arg>
<doc>Makes a variable available everywhere within the scope of the current test.</doc>
<msg timestamp="20230411 17:00:38.112" level="INFO">${destino} = New York</msg>
<status status="PASS" starttime="20230411 17:00:38.112" endtime="20230411 17:00:38.112"/>
</kw>
<kw name="Select From List By Label" library="SeleniumLibrary">
<arg>name = fromPort</arg>
<arg>${origem}</arg>
<doc>Selects options from selection list ``locator`` by ``labels``.</doc>
<msg timestamp="20230411 17:00:38.114" level="INFO">Selecting options from selection list 'name = fromPort' by label São Paolo.</msg>
<status status="PASS" starttime="20230411 17:00:38.113" endtime="20230411 17:00:38.419"/>
</kw>
<kw name="Select From List By Label" library="SeleniumLibrary">
<arg>name = toPort</arg>
<arg>${destino}</arg>
<doc>Selects options from selection list ``locator`` by ``labels``.</doc>
<msg timestamp="20230411 17:00:38.421" level="INFO">Selecting options from selection list 'name = toPort' by label New York.</msg>
<status status="PASS" starttime="20230411 17:00:38.420" endtime="20230411 17:00:38.534"/>
</kw>
<status status="PASS" starttime="20230411 17:00:38.110" endtime="20230411 17:00:38.534"/>
</kw>
<kw name="E clico no botao Find Flights">
<kw name="Click Button" library="SeleniumLibrary">
<arg>class = btn.btn-primary</arg>
<doc>Clicks the button identified by ``locator``.</doc>
<msg timestamp="20230411 17:00:38.539" level="INFO">Clicking button 'class = btn.btn-primary'.</msg>
<status status="PASS" starttime="20230411 17:00:38.537" endtime="20230411 17:00:39.428"/>
</kw>
<status status="PASS" starttime="20230411 17:00:38.536" endtime="20230411 17:00:39.428"/>
</kw>
<kw name="Entao exibe o titulo informando a origem e o destino">
<kw name="Element Should Contain" library="SeleniumLibrary">
<arg>xpath = //h3</arg>
<arg>Flights from ${origem} to ${destino}:</arg>
<doc>Verifies that element ``locator`` contains text ``expected``.</doc>
<msg timestamp="20230411 17:00:39.482" level="INFO">Element 'xpath = //h3' contains text 'Flights from São Paolo to New York:'.</msg>
<status status="PASS" starttime="20230411 17:00:39.430" endtime="20230411 17:00:39.482"/>
</kw>
<status status="PASS" starttime="20230411 17:00:39.429" endtime="20230411 17:00:39.483"/>
</kw>
<kw name="Quando seleciono o primeiro voo">
<kw name="Click Button" library="SeleniumLibrary">
<arg>class = btn.btn-small</arg>
<doc>Clicks the button identified by ``locator``.</doc>
<msg timestamp="20230411 17:00:39.485" level="INFO">Clicking button 'class = btn.btn-small'.</msg>
<status status="PASS" starttime="20230411 17:00:39.485" endtime="20230411 17:00:40.570"/>
</kw>
<status status="PASS" starttime="20230411 17:00:39.484" endtime="20230411 17:00:40.571"/>
</kw>
<kw name="Encerrar" type="TEARDOWN">
<kw name="Close Browser" library="SeleniumLibrary">
<doc>Closes the current browser.</doc>
<status status="PASS" starttime="20230411 17:00:40.572" endtime="20230411 17:00:42.900"/>
</kw>
<status status="PASS" starttime="20230411 17:00:40.571" endtime="20230411 17:00:42.901"/>
</kw>
<tag>SMOKE</tag>
<status status="PASS" starttime="20230411 17:00:32.784" endtime="20230411 17:00:42.902"/>
</test>
<doc>Fluxo de compra no site Blazedemo</doc>
<status status="PASS" starttime="20230411 17:00:32.341" endtime="20230411 17:00:42.907"/>
</suite>
<statistics>
<total>
<stat pass="1" fail="0" skip="0">All Tests</stat>
</total>
<tag>
<stat pass="1" fail="0" skip="0">SMOKE</stat>
</tag>
<suite>
<stat pass="1" fail="0" skip="0" id="s1" name="Compra">Compra</stat>
</suite>
</statistics>
<errors>
</errors>
</robot>
